<?xml version="1.0" encoding="UTF-8" ?>
<testsuite tests="9" failures="0" name="com.alshaya.phoenix.integration.s3.ObjectOperationsTestCase" time="23.2" errors="0" skipped="1">
  <properties>
[...]
</properties>
  <testcase classname="com.alshaya.phoenix.integration.s3.ObjectOperationsTestCase" name="tc1InvalidBucket" time="1.56"/>
  <testcase classname="com.alshaya.phoenix.integration.s3.ObjectOperationsTestCase" name="tc2InvalidObjKey" time="0.785"/>
  <testcase classname="com.alshaya.phoenix.integration.s3.ObjectOperationsTestCase" name="tc3FileUpload" time="6.194"/>
  <testcase classname="com.alshaya.phoenix.integration.s3.ObjectOperationsTestCase" name="tc4FileDownload" time="12.386"/>
  <testcase classname="com.alshaya.phoenix.integration.s3.ObjectOperationsTestCase" name="tc5CopyFile" time="1.026"/>
  <testcase classname="com.alshaya.phoenix.integration.s3.ObjectOperationsTestCase" name="tc6MoveFile" time="0.409"/>
  <testcase classname="com.alshaya.phoenix.integration.s3.ObjectOperationsTestCase" name="tc7FileDelete" time="0.31"/>
  <testcase classname="com.alshaya.phoenix.integration.s3.ObjectOperationsTestCase" name="tc8MultiFileDelete" time="0.311">
    <skipped/>
  </testcase>
  <testcase classname="com.alshaya.phoenix.integration.s3.ObjectOperationsTestCase" name="tc9ListBucketItems" time="0.219"/>
</testsuite>